This file contains any messages produced by compilers while
running configure, to aid debugging if configure makes a mistake.

It was created by click-ptpd2package configure 1.7.0, which was
generated by GNU Autoconf 2.68.  Invocation command line was

  $ ./configure -prefix=/usr/local/bin

## --------- ##
## Platform. ##
## --------- ##

hostname = ubuntu
uname -m = i686
uname -r = 3.0.0-17-generic
uname -s = Linux
uname -v = #30-Ubuntu SMP Thu Mar 8 17:34:21 UTC 2012

/usr/bin/uname -p = unknown
/bin/uname -X     = unknown

/bin/arch              = unknown
/usr/bin/arch -k       = unknown
/usr/convex/getsysinfo = unknown
/usr/bin/hostinfo      = unknown
/bin/machine           = unknown
/usr/bin/oslevel       = unknown
/bin/universe          = unknown

PATH: /usr/local/sbin
PATH: /usr/local/bin
PATH: /usr/sbin
PATH: /usr/bin
PATH: /sbin
PATH: /bin
PATH: /usr/X11R6/bin


## ----------- ##
## Core tests. ##
## ----------- ##

configure:1886: creating ./config.status

## ---------------------- ##
## Running config.status. ##
## ---------------------- ##

This file was extended by click-ptpd2package config.status 1.7.0, which was
generated by GNU Autoconf 2.68.  Invocation command line was

  CONFIG_FILES    = 
  CONFIG_HEADERS  = 
  CONFIG_LINKS    = 
  CONFIG_COMMANDS = 
  $ ./config.status 

on ubuntu

config.status:732: creating Makefile
config.status:732: creating package/Makefile

## ---------------- ##
## Cache variables. ##
## ---------------- ##

ac_cv_env_build_alias_set=
ac_cv_env_build_alias_value=
ac_cv_env_host_alias_set=
ac_cv_env_host_alias_value=
ac_cv_env_target_alias_set=
ac_cv_env_target_alias_value=

## ----------------- ##
## Output variables. ##
## ----------------- ##

BUILD_USERLEVEL='1'
CLICKPACKAGENAME='ptpd2'
DEFS='-DPACKAGE_NAME=\"click-ptpd2package\" -DPACKAGE_TARNAME=\"click-ptpd2package\" -DPACKAGE_VERSION=\"1.7.0\" -DPACKAGE_STRING=\"click-ptpd2package\ 1.7.0\" -DPACKAGE_BUGREPORT=\"\" -DPACKAGE_URL=\"\"'
ECHO_C=''
ECHO_N='-n'
ECHO_T=''
LIBOBJS=''
LIBS=''
LTLIBOBJS=''
PACKAGE_BUGREPORT=''
PACKAGE_NAME='click-ptpd2package'
PACKAGE_STRING='click-ptpd2package 1.7.0'
PACKAGE_TARNAME='click-ptpd2package'
PACKAGE_URL=''
PACKAGE_VERSION='1.7.0'
PATH_SEPARATOR=':'
SHELL='/bin/bash'
ac_configure_args=' '\''-prefix=/usr/local/bin'\'''
bindir='${exec_prefix}/bin'
build_alias=''
clickbindir='/usr/local/bin/bin'
clickdatadir='/usr/local/bin/share/click'
clickprefix='/usr/local/bin'
clicksbindir='/usr/local/bin/sbin'
datadir='${datarootdir}'
datarootdir='${prefix}/share'
docdir='${datarootdir}/doc/${PACKAGE_TARNAME}'
dvidir='${docdir}'
exec_prefix='${prefix}'
host_alias=''
htmldir='${docdir}'
includedir='${prefix}/include'
infodir='${datarootdir}/info'
libdir='${exec_prefix}/lib'
libexecdir='${exec_prefix}/libexec'
localedir='${datarootdir}/locale'
localstatedir='${prefix}/var'
mandir='${datarootdir}/man'
oldincludedir='/usr/include'
pdfdir='${docdir}'
prefix='/usr/local/bin'
program_transform_name='s,x,x,'
psdir='${docdir}'
sbindir='${exec_prefix}/sbin'
sharedstatedir='${prefix}/com'
sysconfdir='${prefix}/etc'
target_alias=''

## ----------- ##
## confdefs.h. ##
## ----------- ##

/* confdefs.h */
#define PACKAGE_NAME "click-ptpd2package"
#define PACKAGE_TARNAME "click-ptpd2package"
#define PACKAGE_VERSION "1.7.0"
#define PACKAGE_STRING "click-ptpd2package 1.7.0"
#define PACKAGE_BUGREPORT ""
#define PACKAGE_URL ""

configure: exit 0
